a:\0\ambiboxeffects\debug\ambiboxeffects.pch
a:\0\ambiboxeffects\debug\vc143.pdb
a:\0\ambiboxeffects\debug\vc143.idb
a:\0\ambiboxeffects\debug\pch.obj
a:\0\ambiboxeffects\debug\sir_plugins.obj
a:\0\ambiboxeffects\debug\peacocksettingsdlg.obj
a:\0\ambiboxeffects\debug\ledwindow.obj
a:\0\ambiboxeffects\debug\ambiboxeffects.obj
a:\0\debug\ambiboxeffects.lib
a:\0\debug\ambiboxeffects.exp
a:\0\debug\ambiboxeffects.dll
a:\0\ambiboxeffects\debug\ambiboxeffects.ilk
a:\0\debug\ambiboxeffects.pdb
a:\0\ambiboxeffects\debug\ambiboxeffects.res
a:\0\ambiboxeffects\debug\ambiboxeffects.tlog\cl.command.1.tlog
a:\0\ambiboxeffects\debug\ambiboxeffects.tlog\cl.items.tlog
a:\0\ambiboxeffects\debug\ambiboxeffects.tlog\cl.read.1.tlog
a:\0\ambiboxeffects\debug\ambiboxeffects.tlog\cl.write.1.tlog
a:\0\ambiboxeffects\debug\ambiboxeffects.tlog\link.command.1.tlog
a:\0\ambiboxeffects\debug\ambiboxeffects.tlog\link.read.1.tlog
a:\0\ambiboxeffects\debug\ambiboxeffects.tlog\link.write.1.tlog
a:\0\ambiboxeffects\debug\ambiboxeffects.tlog\link.write.2u.tlog
a:\0\ambiboxeffects\debug\ambiboxeffects.tlog\rc.command.1.tlog
a:\0\ambiboxeffects\debug\ambiboxeffects.tlog\rc.read.1.tlog
a:\0\ambiboxeffects\debug\ambiboxeffects.tlog\rc.write.1.tlog
